\BOOKMARK [1][-]{section.1}{\376\377\137\025\212\000}{}% 1
\BOOKMARK [2][-]{subsection.1.1}{\376\377\227\136\176\277\140\047\121\111\133\146}{section.1}% 2
\BOOKMARK [2][-]{subsection.1.2}{\376\377\137\256\127\213\214\020\143\057\201\124}{section.1}% 3
\BOOKMARK [2][-]{subsection.1.3}{\376\377\116\214\153\041\214\020\154\342\116\247\165\037}{section.1}% 4
\BOOKMARK [1][-]{section.2}{\376\377\126\336\227\363\130\301\152\041\137\017\137\256\201\124\173\200\116\313}{}% 5
\BOOKMARK [1][-]{section.3}{\376\377\116\214\153\041\227\136\176\277\140\047\164\006\213\272\127\372\170\100}{}% 6
\BOOKMARK [2][-]{subsection.3.1}{\376\377\127\372\116\216\165\065\120\166\147\201\133\120\166\204\116\214\153\041\227\136\176\277\140\047}{section.3}% 7
\BOOKMARK [2][-]{subsection.3.2}{\376\377\127\050\116\313\215\050\210\150\227\142\142\026\165\114\227\142\131\004\166\204\116\214\153\041\227\136\176\277\140\047}{section.3}% 8
\BOOKMARK [2][-]{subsection.3.3}{\376\377\165\061\117\123\131\032\147\201\145\110\136\224\136\046\147\145\166\204\116\214\226\066\227\136\176\277\140\047}{section.3}% 9
\BOOKMARK [3][-]{subsubsection.3.3.1}{\376\377\172\172\225\364\116\244\123\340\171\357\122\006\123\312\123\314\121\161\143\057\147\141\116\366}{subsection.3.3}% 10
\BOOKMARK [1][-]{section.4}{\376\377\133\236\232\214\213\276\213\241\116\016\126\150\116\366\122\066\131\007}{}% 11
\BOOKMARK [2][-]{subsection.4.1}{\376\377\133\236\232\214\213\276\213\241}{section.4}% 12
\BOOKMARK [2][-]{subsection.4.2}{\376\377\137\256\164\003\201\124\166\204\122\066\131\007}{section.4}% 13
\BOOKMARK [2][-]{subsection.4.3}{\376\377\123\314\121\111\176\244\166\204\122\066\131\007\116\016\144\315\143\247}{section.4}% 14
\BOOKMARK [1][-]{section.5}{\376\377\133\236\232\214\176\323\147\234\123\312\122\006\147\220}{}% 15
\BOOKMARK [2][-]{subsection.5.1}{\376\377\116\214\153\041\214\020\154\342\117\341\123\367\166\204\116\247\165\037\123\312\116\044\150\071\121\111\176\244\225\045\145\066\226\306\140\305\121\265\133\371\153\324}{section.5}% 16
\BOOKMARK [2][-]{subsection.5.2}{\376\377\116\214\153\041\214\020\154\342\117\341\123\367\133\371\131\061\214\020\124\214\217\223\121\145\121\111\122\237\163\207\166\204\117\235\215\126\121\163\174\373}{section.5}% 17
\BOOKMARK [2][-]{subsection.5.3}{\376\377\116\214\153\041\214\020\154\342\117\341\123\367\133\371\120\117\143\057\166\204\117\235\215\126\121\163\174\373}{section.5}% 18
\BOOKMARK [2][-]{subsection.5.4}{\376\377\142\311\146\374\124\214\116\214\153\041\124\010\230\221\117\341\123\367}{section.5}% 19
\BOOKMARK [1][-]{section.6}{\376\377\176\323\213\272}{}% 20
