This is pdfTeX, Version 3.1415926-2.3-1.40.12 (MiKTeX 2.9) (preloaded format=pdflatex 2015.11.4)  17 MAY 2017 16:25
entering extended mode
**C:/ÂæÆ‰∫ëÂêåÊ≠•Áõò/2984420770/zxy/curr_sem/ÊØïËÆæ/Work/TeX/ÊåëÊàòÊùØÊ≠£ÂºèÊñá
Ê°£.tex

(C:/ÂæÆ‰∫ëÂêåÊ≠•Áõò/2984420770/zxy/curr_sem/ÊØïËÆæ/Work/TeX/ÊåëÊàòÊùØÊ≠£ÂºèÊñáÊ
°£.tex
LaTeX2e <2011/06/27>
Babel <v3.8m> and hyphenation patterns for loaded.
(C:\CTEX\MiKTeX\tex\latex\ctex\ctexart.cls
Document Class: ctexart 2011/03/11 v1.02c ctexart document class
(C:\CTEX\MiKTeX\tex\latex\ctex\opt\ctex-common-opts.def)
(C:\CTEX\MiKTeX\tex\latex\ctex\opt\ctex-caption-opts.def
\c@CTEX@sectiondepth=\count79
)
(C:\CTEX\MiKTeX\tex\latex\ctex\opt\ctex-class-opts.def)
(C:\CTEX\CTeX\tex\latex\ctex\cfg\ctexopts.cfg)
(C:\CTEX\MiKTeX\tex\latex\ctex\def\ctex-loadclass.def
(C:\CTEX\MiKTeX\tex\latex\base\article.cls
Document Class: article 2007/10/19 v1.4h Standard LaTeX document class
(C:\CTEX\MiKTeX\tex\latex\base\size12.clo
File: size12.clo 2007/10/19 v1.4h Standard LaTeX file (size option)
)
\c@part=\count80
\c@section=\count81
\c@subsection=\count82
\c@subsubsection=\count83
\c@paragraph=\count84
\c@subparagraph=\count85
\c@figure=\count86
\c@table=\count87
\abovecaptionskip=\skip41
\belowcaptionskip=\skip42
\bibindent=\dimen102
))
(C:\CTEX\MiKTeX\tex\latex\ctex\def\ctex-common.def
(C:\CTEX\MiKTeX\tex\latex\l3kernel\expl3.sty
(C:\CTEX\MiKTeX\tex\latex\l3kernel\l3names.sty
(C:\CTEX\MiKTeX\tex\latex\l3kernel\l3bootstrap.sty
Package: l3bootstrap 2011/12/29 v3110 L3 Experimental bootstrap code
)
Package: l3names 2011/12/30 v3113 L3 Experimental namespace for primitives
)
(C:\CTEX\MiKTeX\tex\latex\misc\etex.sty
Package: etex 1998/03/26 v2.0 eTeX basic definition package (PEB)
\et@xins=\count88
)
Package: expl3 2012/02/26 v3471 L3 Experimental code bundle wrapper

(C:\CTEX\MiKTeX\tex\latex\graphics\color.sty
Package: color 2005/11/14 v1.0j Standard LaTeX Color (DPC)

(C:\CTEX\MiKTeX\tex\latex\00miktex\color.cfg
File: color.cfg 2007/01/18 v1.5 color configuration of teTeX/TeXLive
)
Package color Info: Driver file: pdftex.def on input line 130.

(C:\CTEX\MiKTeX\tex\latex\pdftex-def\pdftex.def
File: pdftex.def 2011/05/27 v0.06d Graphics/color for pdfTeX

(C:\CTEX\MiKTeX\tex\generic\oberdiek\infwarerr.sty
Package: infwarerr 2010/04/08 v1.3 Providing info/warning/message (HO)
)
(C:\CTEX\MiKTeX\tex\generic\oberdiek\ltxcmds.sty
Package: ltxcmds 2011/04/18 v1.20 LaTeX kernel commands for general use (HO)
)
\Gread@gobject=\count89
))
(C:\CTEX\MiKTeX\tex\latex\graphics\graphics.sty
Package: graphics 2009/02/05 v1.0o Standard LaTeX Graphics (DPC,SPQR)

(C:\CTEX\MiKTeX\tex\latex\graphics\trig.sty
Package: trig 1999/03/16 v1.09 sin cos tan (DPC)
)
(C:\CTEX\MiKTeX\tex\latex\00miktex\graphics.cfg
File: graphics.cfg 2007/01/18 v1.5 graphics configuration of teTeX/TeXLive
)
Package graphics Info: Driver file: pdftex.def on input line 91.
)
(C:\CTEX\MiKTeX\tex\latex\l3kernel\l3basics.sty
Package: l3basics 2012/02/26 v3460 L3 Experimental basic definitions
)
(C:\CTEX\MiKTeX\tex\latex\l3kernel\l3expan.sty
Package: l3expan 2012/02/26 v3460 L3 Experimental argument expansion
)
(C:\CTEX\MiKTeX\tex\latex\l3kernel\l3tl.sty
Package: l3tl 2012/02/26 v3460 L3 Experimental token lists
)
(C:\CTEX\MiKTeX\tex\latex\l3kernel\l3seq.sty
Package: l3seq 2012/01/09 v3158 L3 Experimental sequences and stacks
)
(C:\CTEX\MiKTeX\tex\latex\l3kernel\l3int.sty
Package: l3int 2012/02/26 v3460 L3 Experimental integers
\c_max_int=\count90
\l_tmpa_int=\count91
\l_tmpb_int=\count92
\l_tmpc_int=\count93
\g_tmpa_int=\count94
\g_tmpb_int=\count95
)
(C:\CTEX\MiKTeX\tex\latex\l3kernel\l3quark.sty
Package: l3quark 2012/02/12 v3384 L3 Experimental quarks
)
(C:\CTEX\MiKTeX\tex\latex\l3kernel\l3prg.sty
Package: l3prg 2012/02/26 v3464 L3 Experimental control structures
\g_prg_map_int=\count96
)
(C:\CTEX\MiKTeX\tex\latex\l3kernel\l3clist.sty
Package: l3clist 2012/02/26 v3460 L3 Experimental comma separated lists
)
(C:\CTEX\MiKTeX\tex\latex\l3kernel\l3token.sty
Package: l3token 2012/02/26 v3460 L3 Experimental token manipulation
)
(C:\CTEX\MiKTeX\tex\latex\l3kernel\l3prop.sty
Package: l3prop 2012/02/26 v3460 L3 Experimental property lists
)
(C:\CTEX\MiKTeX\tex\latex\l3kernel\l3msg.sty
Package: l3msg 2012/02/26 v3470 L3 Experimental messages
)
(C:\CTEX\MiKTeX\tex\latex\l3kernel\l3file.sty
Package: l3file 2012/02/26 v3464 L3 Experimental file and I/O operations
\l_iow_stream_int=\count97
\l_iow_line_length_int=\count98
\l_iow_target_length_int=\count99
\l_iow_current_line_int=\count100
\l_iow_current_word_int=\count101
\l_iow_current_indentation_int=\count102
)
(C:\CTEX\MiKTeX\tex\latex\l3kernel\l3skip.sty
Package: l3skip 2012/02/26 v3460 L3 Experimental dimensions and skips
\l_tmpa_dim=\dimen103
\l_tmpb_dim=\dimen104
\l_tmpc_dim=\dimen105
\g_tmpa_dim=\dimen106
\g_tmpb_dim=\dimen107
\l_tmpa_skip=\skip43
\l_tmpb_skip=\skip44
\l_tmpc_skip=\skip45
\g_tmpa_skip=\skip46
\g_tmpb_skip=\skip47
)
(C:\CTEX\MiKTeX\tex\latex\l3kernel\l3keys.sty
Package: l3keys 2011/12/22 v3086 L3 Experimental key-value interfaces
\g_keyval_level_int=\count103
\l_keys_choice_int=\count104
)
(C:\CTEX\MiKTeX\tex\latex\l3kernel\l3fp.sty
Package: l3fp 2012/02/06 v3315 L3 Experimental floating-point operations
\c_one_million=\count105
\c_one_hundred_million=\count106
\c_five_hundred_million=\count107
\c_one_thousand_million=\count108
\c_fp_pi_by_four_decimal_int=\count109
\c_fp_pi_by_four_extended_int=\count110
\c_fp_pi_decimal_int=\count111
\c_fp_pi_extended_int=\count112
\c_fp_two_pi_decimal_int=\count113
\c_fp_two_pi_extended_int=\count114
\l_fp_count_int=\count115
\l_fp_div_offset_int=\count116
\l_fp_exp_integer_int=\count117
\l_fp_exp_decimal_int=\count118
\l_fp_exp_extended_int=\count119
\l_fp_exp_exponent_int=\count120
\l_fp_input_a_sign_int=\count121
\l_fp_input_a_integer_int=\count122
\l_fp_input_a_decimal_int=\count123
\l_fp_input_a_exponent_int=\count124
\l_fp_input_b_sign_int=\count125
\l_fp_input_b_integer_int=\count126
\l_fp_input_b_decimal_int=\count127
\l_fp_input_b_exponent_int=\count128
\l_fp_input_a_extended_int=\count129
\l_fp_input_b_extended_int=\count130
\l_fp_mul_a_i_int=\count131
\l_fp_mul_a_ii_int=\count132
\l_fp_mul_a_iii_int=\count133
\l_fp_mul_a_iv_int=\count134
\l_fp_mul_a_v_int=\count135
\l_fp_mul_a_vi_int=\count136
\l_fp_mul_b_i_int=\count137
\l_fp_mul_b_ii_int=\count138
\l_fp_mul_b_iii_int=\count139
\l_fp_mul_b_iv_int=\count140
\l_fp_mul_b_v_int=\count141
\l_fp_mul_b_vi_int=\count142
\l_fp_mul_output_int=\count143
\l_fp_output_sign_int=\count144
\l_fp_output_integer_int=\count145
\l_fp_output_decimal_int=\count146
\l_fp_output_exponent_int=\count147
\l_fp_output_extended_int=\count148
\l_fp_round_position_int=\count149
\l_fp_round_target_int=\count150
\l_fp_split_sign_int=\count151
\l_fp_internal_int=\count152
\l_fp_trig_octant_int=\count153
\l_fp_trig_sign_int=\count154
\l_fp_trig_decimal_int=\count155
\l_fp_trig_extended_int=\count156
\l_fp_internal_dim=\dimen108
\l_fp_internal_skip=\skip48
)
(C:\CTEX\MiKTeX\tex\latex\l3kernel\l3box.sty
Package: l3box 2012/02/18 v3432 L3 Experimental boxes
\l_tmpb_box=\box26
\l_box_top_dim=\dimen109
\l_box_bottom_dim=\dimen110
\l_box_left_dim=\dimen111
\l_box_right_dim=\dimen112
\l_box_top_new_dim=\dimen113
\l_box_bottom_new_dim=\dimen114
\l_box_left_new_dim=\dimen115
\l_box_right_new_dim=\dimen116
\l_box_internal_box=\box27
)
(C:\CTEX\MiKTeX\tex\latex\l3kernel\l3coffins.sty
Package: l3coffins 2012/02/26 v3460 L3 Experimental coffin code layer
\l_coffin_internal_box=\box28
\l_coffin_internal_dim=\dimen117
\l_coffin_offset_x_dim=\dimen118
\l_coffin_offset_y_dim=\dimen119
\l_coffin_x_dim=\dimen120
\l_coffin_y_dim=\dimen121
\l_coffin_x_prime_dim=\dimen122
\l_coffin_y_prime_dim=\dimen123
\l_coffin_Depth_dim=\dimen124
\l_coffin_Height_dim=\dimen125
\l_coffin_TotalHeight_dim=\dimen126
\l_coffin_Width_dim=\dimen127
\c_empty_coffin=\box29
\l_coffin_aligned_coffin=\box30
\l_coffin_aligned_internal_coffin=\box31
\l_coffin_bounding_shift_dim=\dimen128
\l_coffin_left_corner_dim=\dimen129
\l_coffin_right_corner_dim=\dimen130
\l_coffin_bottom_corner_dim=\dimen131
\l_coffin_top_corner_dim=\dimen132
\l_coffin_scaled_total_height_dim=\dimen133
\l_coffin_scaled_width_dim=\dimen134
\l_coffin_display_coffin=\box32
\l_coffin_display_coord_coffin=\box33
\l_coffin_display_pole_coffin=\box34
\l_coffin_display_offset_dim=\dimen135
\l_coffin_display_x_dim=\dimen136
\l_coffin_display_y_dim=\dimen137
)
(C:\CTEX\MiKTeX\tex\latex\l3kernel\l3color.sty
Package: l3color 2011/09/07 v2776 L3 Experimental colour support
)
(C:\CTEX\MiKTeX\tex\latex\l3kernel\l3luatex.sty
Package: l3luatex 2012/02/09 v3355 L3 Experimental LuaTeX-specific functions
\g_cctab_allocate_int=\count157
\g_cctab_stack_int=\count158
))
(C:\CTEX\MiKTeX\tex\latex\etoolbox\etoolbox.sty
Package: etoolbox 2011/01/03 v2.1 e-TeX tools for LaTeX
\etb@tempcnta=\count159
)
(C:\CTEX\MiKTeX\tex\generic\oberdiek\ifpdf.sty
Package: ifpdf 2011/01/30 v2.3 Provides the ifpdf switch (HO)
Package ifpdf Info: pdfTeX in PDF mode is detected.
)
(C:\CTEX\MiKTeX\tex\generic\ifxetex\ifxetex.sty
Package: ifxetex 2010/09/12 v0.6 Provides ifxetex conditional
)
(C:\CTEX\MiKTeX\tex\latex\graphics\keyval.sty
Package: keyval 1999/03/16 v1.13 key=value parser (DPC)
\KV@toks@=\toks14
)
(C:\CTEX\MiKTeX\tex\latex\tools\indentfirst.sty
Package: indentfirst 1995/11/23 v1.03 Indent first paragraph (DPC)
)
(C:\CTEX\MiKTeX\tex\latex\base\fix-cm.sty
Package: fix-cm 2006/09/13 v1.1m fixes to LaTeX

(C:\CTEX\MiKTeX\tex\latex\base\ts1enc.def
File: ts1enc.def 2001/06/05 v3.0e (jk/car/fm) Standard LaTeX file
))
(C:\CTEX\MiKTeX\tex\latex\ctex\engine\ctex-cjk-engine.def
(C:\CTEX\MiKTeX\tex\latex\cjk\CJKutf8.sty
Package: CJKutf8 2008/12/29 4.8.2

(C:\CTEX\MiKTeX\tex\latex\base\inputenc.sty
Package: inputenc 2008/03/30 v1.1d Input encoding file
\inpenc@prehook=\toks15
\inpenc@posthook=\toks16

(C:\CTEX\MiKTeX\tex\latex\base\utf8.def
File: utf8.def 2008/04/05 v1.1m UTF-8 support for inputenc
Now handling font encoding OML ...
... no UTF-8 mapping file for font encoding OML
Now handling font encoding T1 ...
... processing UTF-8 mapping file for font encoding T1

(C:\CTEX\MiKTeX\tex\latex\base\t1enc.dfu
File: t1enc.dfu 2008/04/05 v1.1m UTF-8 support for inputenc
   defining Unicode char U+00A1 (decimal 161)
   defining Unicode char U+00A3 (decimal 163)
   defining Unicode char U+00AB (decimal 171)
   defining Unicode char U+00BB (decimal 187)
   defining Unicode char U+00BF (decimal 191)
   defining Unicode char U+00C0 (decimal 192)
   defining Unicode char U+00C1 (decimal 193)
   defining Unicode char U+00C2 (decimal 194)
   defining Unicode char U+00C3 (decimal 195)
   defining Unicode char U+00C4 (decimal 196)
   defining Unicode char U+00C5 (decimal 197)
   defining Unicode char U+00C6 (decimal 198)
   defining Unicode char U+00C7 (decimal 199)
   defining Unicode char U+00C8 (decimal 200)
   defining Unicode char U+00C9 (decimal 201)
   defining Unicode char U+00CA (decimal 202)
   defining Unicode char U+00CB (decimal 203)
   defining Unicode char U+00CC (decimal 204)
   defining Unicode char U+00CD (decimal 205)
   defining Unicode char U+00CE (decimal 206)
   defining Unicode char U+00CF (decimal 207)
   defining Unicode char U+00D0 (decimal 208)
   defining Unicode char U+00D1 (decimal 209)
   defining Unicode char U+00D2 (decimal 210)
   defining Unicode char U+00D3 (decimal 211)
   defining Unicode char U+00D4 (decimal 212)
   defining Unicode char U+00D5 (decimal 213)
   defining Unicode char U+00D6 (decimal 214)
   defining Unicode char U+00D8 (decimal 216)
   defining Unicode char U+00D9 (decimal 217)
   defining Unicode char U+00DA (decimal 218)
   defining Unicode char U+00DB (decimal 219)
   defining Unicode char U+00DC (decimal 220)
   defining Unicode char U+00DD (decimal 221)
   defining Unicode char U+00DE (decimal 222)
   defining Unicode char U+00DF (decimal 223)
   defining Unicode char U+00E0 (decimal 224)
   defining Unicode char U+00E1 (decimal 225)
   defining Unicode char U+00E2 (decimal 226)
   defining Unicode char U+00E3 (decimal 227)
   defining Unicode char U+00E4 (decimal 228)
   defining Unicode char U+00E5 (decimal 229)
   defining Unicode char U+00E6 (decimal 230)
   defining Unicode char U+00E7 (decimal 231)
   defining Unicode char U+00E8 (decimal 232)
   defining Unicode char U+00E9 (decimal 233)
   defining Unicode char U+00EA (decimal 234)
   defining Unicode char U+00EB (decimal 235)
   defining Unicode char U+00EC (decimal 236)
   defining Unicode char U+00ED (decimal 237)
   defining Unicode char U+00EE (decimal 238)
   defining Unicode char U+00EF (decimal 239)
   defining Unicode char U+00F0 (decimal 240)
   defining Unicode char U+00F1 (decimal 241)
   defining Unicode char U+00F2 (decimal 242)
   defining Unicode char U+00F3 (decimal 243)
   defining Unicode char U+00F4 (decimal 244)
   defining Unicode char U+00F5 (decimal 245)
   defining Unicode char U+00F6 (decimal 246)
   defining Unicode char U+00F8 (decimal 248)
   defining Unicode char U+00F9 (decimal 249)
   defining Unicode char U+00FA (decimal 250)
   defining Unicode char U+00FB (decimal 251)
   defining Unicode char U+00FC (decimal 252)
   defining Unicode char U+00FD (decimal 253)
   defining Unicode char U+00FE (decimal 254)
   defining Unicode char U+00FF (decimal 255)
   defining Unicode char U+0102 (decimal 258)
   defining Unicode char U+0103 (decimal 259)
   defining Unicode char U+0104 (decimal 260)
   defining Unicode char U+0105 (decimal 261)
   defining Unicode char U+0106 (decimal 262)
   defining Unicode char U+0107 (decimal 263)
   defining Unicode char U+010C (decimal 268)
   defining Unicode char U+010D (decimal 269)
   defining Unicode char U+010E (decimal 270)
   defining Unicode char U+010F (decimal 271)
   defining Unicode char U+0110 (decimal 272)
   defining Unicode char U+0111 (decimal 273)
   defining Unicode char U+0118 (decimal 280)
   defining Unicode char U+0119 (decimal 281)
   defining Unicode char U+011A (decimal 282)
   defining Unicode char U+011B (decimal 283)
   defining Unicode char U+011E (decimal 286)
   defining Unicode char U+011F (decimal 287)
   defining Unicode char U+0130 (decimal 304)
   defining Unicode char U+0131 (decimal 305)
   defining Unicode char U+0132 (decimal 306)
   defining Unicode char U+0133 (decimal 307)
   defining Unicode char U+0139 (decimal 313)
   defining Unicode char U+013A (decimal 314)
   defining Unicode char U+013D (decimal 317)
   defining Unicode char U+013E (decimal 318)
   defining Unicode char U+0141 (decimal 321)
   defining Unicode char U+0142 (decimal 322)
   defining Unicode char U+0143 (decimal 323)
   defining Unicode char U+0144 (decimal 324)
   defining Unicode char U+0147 (decimal 327)
   defining Unicode char U+0148 (decimal 328)
   defining Unicode char U+014A (decimal 330)
   defining Unicode char U+014B (decimal 331)
   defining Unicode char U+0150 (decimal 336)
   defining Unicode char U+0151 (decimal 337)
   defining Unicode char U+0152 (decimal 338)
   defining Unicode char U+0153 (decimal 339)
   defining Unicode char U+0154 (decimal 340)
   defining Unicode char U+0155 (decimal 341)
   defining Unicode char U+0158 (decimal 344)
   defining Unicode char U+0159 (decimal 345)
   defining Unicode char U+015A (decimal 346)
   defining Unicode char U+015B (decimal 347)
   defining Unicode char U+015E (decimal 350)
   defining Unicode char U+015F (decimal 351)
   defining Unicode char U+0160 (decimal 352)
   defining Unicode char U+0161 (decimal 353)
   defining Unicode char U+0162 (decimal 354)
   defining Unicode char U+0163 (decimal 355)
   defining Unicode char U+0164 (decimal 356)
   defining Unicode char U+0165 (decimal 357)
   defining Unicode char U+016E (decimal 366)
   defining Unicode char U+016F (decimal 367)
   defining Unicode char U+0170 (decimal 368)
   defining Unicode char U+0171 (decimal 369)
   defining Unicode char U+0178 (decimal 376)
   defining Unicode char U+0179 (decimal 377)
   defining Unicode char U+017A (decimal 378)
   defining Unicode char U+017B (decimal 379)
   defining Unicode char U+017C (decimal 380)
   defining Unicode char U+017D (decimal 381)
   defining Unicode char U+017E (decimal 382)
   defining Unicode char U+200C (decimal 8204)
   defining Unicode char U+2013 (decimal 8211)
   defining Unicode char U+2014 (decimal 8212)
   defining Unicode char U+2018 (decimal 8216)
   defining Unicode char U+2019 (decimal 8217)
   defining Unicode char U+201A (decimal 8218)
   defining Unicode char U+201C (decimal 8220)
   defining Unicode char U+201D (decimal 8221)
   defining Unicode char U+201E (decimal 8222)
   defining Unicode char U+2030 (decimal 8240)
   defining Unicode char U+2031 (decimal 8241)
   defining Unicode char U+2039 (decimal 8249)
   defining Unicode char U+203A (decimal 8250)
   defining Unicode char U+2423 (decimal 9251)
)
Now handling font encoding OT1 ...
... processing UTF-8 mapping file for font encoding OT1

(C:\CTEX\MiKTeX\tex\latex\base\ot1enc.dfu
File: ot1enc.dfu 2008/04/05 v1.1m UTF-8 support for inputenc
   defining Unicode char U+00A1 (decimal 161)
   defining Unicode char U+00A3 (decimal 163)
   defining Unicode char U+00B8 (decimal 184)
   defining Unicode char U+00BF (decimal 191)
   defining Unicode char U+00C5 (decimal 197)
   defining Unicode char U+00C6 (decimal 198)
   defining Unicode char U+00D8 (decimal 216)
   defining Unicode char U+00DF (decimal 223)
   defining Unicode char U+00E6 (decimal 230)
   defining Unicode char U+00EC (decimal 236)
   defining Unicode char U+00ED (decimal 237)
   defining Unicode char U+00EE (decimal 238)
   defining Unicode char U+00EF (decimal 239)
   defining Unicode char U+00F8 (decimal 248)
   defining Unicode char U+0131 (decimal 305)
   defining Unicode char U+0141 (decimal 321)
   defining Unicode char U+0142 (decimal 322)
   defining Unicode char U+0152 (decimal 338)
   defining Unicode char U+0153 (decimal 339)
   defining Unicode char U+2013 (decimal 8211)
   defining Unicode char U+2014 (decimal 8212)
   defining Unicode char U+2018 (decimal 8216)
   defining Unicode char U+2019 (decimal 8217)
   defining Unicode char U+201C (decimal 8220)
   defining Unicode char U+201D (decimal 8221)
)
Now handling font encoding OMS ...
... processing UTF-8 mapping file for font encoding OMS

(C:\CTEX\MiKTeX\tex\latex\base\omsenc.dfu
File: omsenc.dfu 2008/04/05 v1.1m UTF-8 support for inputenc
   defining Unicode char U+00A7 (decimal 167)
   defining Unicode char U+00B6 (decimal 182)
   defining Unicode char U+00B7 (decimal 183)
   defining Unicode char U+2020 (decimal 8224)
   defining Unicode char U+2021 (decimal 8225)
   defining Unicode char U+2022 (decimal 8226)
)
Now handling font encoding OMX ...
... no UTF-8 mapping file for font encoding OMX
Now handling font encoding U ...
... no UTF-8 mapping file for font encoding U
Now handling font encoding TS1 ...
... processing UTF-8 mapping file for font encoding TS1

(C:\CTEX\MiKTeX\tex\latex\base\ts1enc.dfu
File: ts1enc.dfu 2008/04/05 v1.1m UTF-8 support for inputenc
   defining Unicode char U+00A2 (decimal 162)
   defining Unicode char U+00A3 (decimal 163)
   defining Unicode char U+00A4 (decimal 164)
   defining Unicode char U+00A5 (decimal 165)
   defining Unicode char U+00A6 (decimal 166)
   defining Unicode char U+00A7 (decimal 167)
   defining Unicode char U+00A8 (decimal 168)
   defining Unicode char U+00A9 (decimal 169)
   defining Unicode char U+00AA (decimal 170)
   defining Unicode char U+00AC (decimal 172)
   defining Unicode char U+00AE (decimal 174)
   defining Unicode char U+00AF (decimal 175)
   defining Unicode char U+00B0 (decimal 176)
   defining Unicode char U+00B1 (decimal 177)
   defining Unicode char U+00B2 (decimal 178)
   defining Unicode char U+00B3 (decimal 179)
   defining Unicode char U+00B4 (decimal 180)
   defining Unicode char U+00B5 (decimal 181)
   defining Unicode char U+00B6 (decimal 182)
   defining Unicode char U+00B7 (decimal 183)
   defining Unicode char U+00B9 (decimal 185)
   defining Unicode char U+00BA (decimal 186)
   defining Unicode char U+00BC (decimal 188)
   defining Unicode char U+00BD (decimal 189)
   defining Unicode char U+00BE (decimal 190)
   defining Unicode char U+00D7 (decimal 215)
   defining Unicode char U+00F7 (decimal 247)
   defining Unicode char U+0192 (decimal 402)
   defining Unicode char U+02C7 (decimal 711)
   defining Unicode char U+02D8 (decimal 728)
   defining Unicode char U+02DD (decimal 733)
   defining Unicode char U+0E3F (decimal 3647)
   defining Unicode char U+2016 (decimal 8214)
   defining Unicode char U+2020 (decimal 8224)
   defining Unicode char U+2021 (decimal 8225)
   defining Unicode char U+2022 (decimal 8226)
   defining Unicode char U+2030 (decimal 8240)
   defining Unicode char U+2031 (decimal 8241)
   defining Unicode char U+203B (decimal 8251)
   defining Unicode char U+203D (decimal 8253)
   defining Unicode char U+2044 (decimal 8260)
   defining Unicode char U+204E (decimal 8270)
   defining Unicode char U+2052 (decimal 8274)
   defining Unicode char U+20A1 (decimal 8353)
   defining Unicode char U+20A4 (decimal 8356)
   defining Unicode char U+20A6 (decimal 8358)
   defining Unicode char U+20A9 (decimal 8361)
   defining Unicode char U+20AB (decimal 8363)
   defining Unicode char U+20AC (decimal 8364)
   defining Unicode char U+20B1 (decimal 8369)
   defining Unicode char U+2103 (decimal 8451)
   defining Unicode char U+2116 (decimal 8470)
   defining Unicode char U+2117 (decimal 8471)
   defining Unicode char U+211E (decimal 8478)
   defining Unicode char U+2120 (decimal 8480)
   defining Unicode char U+2122 (decimal 8482)
   defining Unicode char U+2126 (decimal 8486)
   defining Unicode char U+2127 (decimal 8487)
   defining Unicode char U+212E (decimal 8494)
   defining Unicode char U+2190 (decimal 8592)
   defining Unicode char U+2191 (decimal 8593)
   defining Unicode char U+2192 (decimal 8594)
   defining Unicode char U+2193 (decimal 8595)
   defining Unicode char U+2329 (decimal 9001)
   defining Unicode char U+232A (decimal 9002)
   defining Unicode char U+2422 (decimal 9250)
   defining Unicode char U+25E6 (decimal 9702)
   defining Unicode char U+25EF (decimal 9711)
   defining Unicode char U+266A (decimal 9834)
)
   defining Unicode char U+00A9 (decimal 169)
   defining Unicode char U+00AA (decimal 170)
   defining Unicode char U+00AE (decimal 174)
   defining Unicode char U+00BA (decimal 186)
   defining Unicode char U+02C6 (decimal 710)
   defining Unicode char U+02DC (decimal 732)
   defining Unicode char U+200C (decimal 8204)
   defining Unicode char U+2026 (decimal 8230)
   defining Unicode char U+2122 (decimal 8482)
   defining Unicode char U+2423 (decimal 9251)
))
(C:\CTEX\MiKTeX\tex\latex\cjk\CJK.sty
Package: CJK 2008/12/29 4.8.2

(C:\CTEX\MiKTeX\tex\latex\cjk\mule\MULEenc.sty
Package: MULEenc 2008/12/29 4.8.2
)
(C:\CTEX\MiKTeX\tex\latex\cjk\CJK.enc
File: CJK.enc 2008/12/29 4.8.2
Now handling font encoding C00 ...
... no UTF-8 mapping file for font encoding C00
Now handling font encoding C05 ...
... no UTF-8 mapping file for font encoding C05
Now handling font encoding C09 ...
... no UTF-8 mapping file for font encoding C09
Now handling font encoding C10 ...
... no UTF-8 mapping file for font encoding C10
Now handling font encoding C20 ...
... no UTF-8 mapping file for font encoding C20
Now handling font encoding C19 ...
... no UTF-8 mapping file for font encoding C19
Now handling font encoding C40 ...
... no UTF-8 mapping file for font encoding C40
Now handling font encoding C42 ...
... no UTF-8 mapping file for font encoding C42
Now handling font encoding C43 ...
... no UTF-8 mapping file for font encoding C43
Now handling font encoding C50 ...
... no UTF-8 mapping file for font encoding C50
Now handling font encoding C52 ...
... no UTF-8 mapping file for font encoding C52
Now handling font encoding C49 ...
... no UTF-8 mapping file for font encoding C49
Now handling font encoding C60 ...
... no UTF-8 mapping file for font encoding C60
Now handling font encoding C61 ...
... no UTF-8 mapping file for font encoding C61
Now handling font encoding C63 ...
... no UTF-8 mapping file for font encoding C63
Now handling font encoding C64 ...
... no UTF-8 mapping file for font encoding C64
Now handling font encoding C65 ...
... no UTF-8 mapping file for font encoding C65
Now handling font encoding C70 ...
... no UTF-8 mapping file for font encoding C70
Now handling font encoding C31 ...
... no UTF-8 mapping file for font encoding C31
Now handling font encoding C32 ...
... no UTF-8 mapping file for font encoding C32
Now handling font encoding C33 ...
... no UTF-8 mapping file for font encoding C33
Now handling font encoding C34 ...
... no UTF-8 mapping file for font encoding C34
Now handling font encoding C35 ...
... no UTF-8 mapping file for font encoding C35
Now handling font encoding C36 ...
... no UTF-8 mapping file for font encoding C36
Now handling font encoding C37 ...
... no UTF-8 mapping file for font encoding C37
Now handling font encoding C80 ...
... no UTF-8 mapping file for font encoding C80
Now handling font encoding C81 ...
... no UTF-8 mapping file for font encoding C81
Now handling font encoding C01 ...
... no UTF-8 mapping file for font encoding C01
Now handling font encoding C11 ...
... no UTF-8 mapping file for font encoding C11
Now handling font encoding C21 ...
... no UTF-8 mapping file for font encoding C21
Now handling font encoding C41 ...
... no UTF-8 mapping file for font encoding C41
Now handling font encoding C62 ...
... no UTF-8 mapping file for font encoding C62
)
LaTeX Info: Redefining \selectfont on input line 756.
\CJK@indent=\box35
)
(C:\CTEX\MiKTeX\tex\latex\base\fontenc.sty
Package: fontenc 2005/09/27 v1.99g Standard LaTeX package
))
(C:\CTEX\CTeX\tex\latex\CJKpunct\CJKpunct.sty
Package: CJKpunct 2010/02/21 4.8.2-2
\CJKpunct@cnta=\count160
\CJKpunct@cntb=\count161
\CJKpunct@cntc=\count162
\CJKpunct@cntd=\count163
\CJKpunct@cnte=\count164
   defining Unicode char U+2018 (decimal 8216)
   defining Unicode char U+2019 (decimal 8217)
   defining Unicode char U+201C (decimal 8220)
   defining Unicode char U+201D (decimal 8221)
   defining Unicode char U+2014 (decimal 8212)
   defining Unicode char U+2026 (decimal 8230)

(C:\CTEX\CTeX\tex\latex\CJKpunct\CJKpunct.spa))
(C:\CTEX\MiKTeX\tex\latex\ctex\engine\ctex-cjk-common.def
\ccwd=\dimen138
)
(C:\CTEX\MiKTeX\tex\latex\ctex\fontset\ctex-cjk-winfonts.def
(C:\CTEX\MiKTeX\tex\generic\zhmetrics\zhwinfonts.tex
(C:\CTEX\MiKTeX\tex\generic\oberdiek\ifpdf.sty
Package ifpdf Info: The package is already loaded, stopped on input line 64.
){C:/CTEX/UserData/pdftex/config/pdftex.map{Unicode.sfd}{UGBK.sfd}})))
\CTEX@q=\count165
\CTEX@r=\count166
)
(C:\CTEX\MiKTeX\tex\latex\ctex\def\ctex-caption.def)
(C:\CTEX\MiKTeX\tex\latex\ctex\def\ctex-class.def)
(C:\CTEX\MiKTeX\tex\latex\ctex\def\ctex-article.def))
(C:\CTEX\MiKTeX\tex\latex\ctex\def\ctex-utf8.def)
(C:\CTEX\MiKTeX\tex\latex\ctex\cfg\ctexcap.cfg
(C:\CTEX\MiKTeX\tex\latex\ctex\cfg\ctexcap-utf8.cfg))
(C:\CTEX\MiKTeX\tex\latex\ctex\cfg\ctex.cfg)
(C:\CTEX\MiKTeX\tex\latex\geometry\geometry.sty
Package: geometry 2010/09/12 v5.6 Page Geometry

(C:\CTEX\MiKTeX\tex\generic\oberdiek\ifvtex.sty
Package: ifvtex 2010/03/01 v1.5 Switches for detecting VTeX and its modes (HO)
Package ifvtex Info: VTeX not detected.
)
\Gm@cnth=\count167
\Gm@cntv=\count168
\c@Gm@tempcnt=\count169
\Gm@bindingoffset=\dimen139
\Gm@wd@mp=\dimen140
\Gm@odd@mp=\dimen141
\Gm@even@mp=\dimen142
\Gm@layoutwidth=\dimen143
\Gm@layoutheight=\dimen144
\Gm@layouthoffset=\dimen145
\Gm@layoutvoffset=\dimen146
\Gm@dimlist=\toks17

(C:\CTEX\MiKTeX\tex\latex\geometry\geometry.cfg))
(C:\CTEX\UserData\tex\latex\was\upgreek.sty
Package: upgreek 2003/02/12 v2.0 (WaS)
Package upgreek Info: Using Euler Roman for upright Greek on input line 31.
\symugrf@m=\mathgroup4
LaTeX Font Info:    Overwriting symbol font `ugrf@m' in version `bold'
(Font)                  U/eur/m/n --> U/eur/b/n on input line 38.
)
(C:\CTEX\MiKTeX\tex\latex\hyperref\hyperref.sty
Package: hyperref 2012/02/06 v6.82o Hypertext links for LaTeX

(C:\CTEX\MiKTeX\tex\generic\oberdiek\hobsub-hyperref.sty
Package: hobsub-hyperref 2011/04/23 v1.4 Bundle oberdiek, subset hyperref (HO)

(C:\CTEX\MiKTeX\tex\generic\oberdiek\hobsub-generic.sty
Package: hobsub-generic 2011/04/23 v1.4 Bundle oberdiek, subset generic (HO)
Package: hobsub 2011/04/23 v1.4 Subsetting bundle oberdiek (HO)
Package hobsub Info: Skipping package `infwarerr' (already loaded).
Package hobsub Info: Skipping package `ltxcmds' (already loaded).
Package: ifluatex 2010/03/01 v1.3 Provides the ifluatex switch (HO)
Package ifluatex Info: LuaTeX not detected.
Package hobsub Info: Skipping package `ifvtex' (already loaded).
Package: intcalc 2007/09/27 v1.1 Expandable integer calculations (HO)
Package hobsub Info: Skipping package `ifpdf' (already loaded).
Package: etexcmds 2011/02/16 v1.5 Prefix for e-TeX command names (HO)
Package etexcmds Info: Could not find \expanded.
(etexcmds)             That can mean that you are not using pdfTeX 1.50 or
(etexcmds)             that some package has redefined \expanded.
(etexcmds)             In the latter case, load this package earlier.
Package: kvsetkeys 2011/04/07 v1.13 Key value parser (HO)
Package: kvdefinekeys 2011/04/07 v1.3 Defining keys (HO)
Package: pdftexcmds 2011/04/22 v0.16 Utilities of pdfTeX for LuaTeX (HO)
Package pdftexcmds Info: LuaTeX not detected.
Package pdftexcmds Info: \pdf@primitive is available.
Package pdftexcmds Info: \pdf@ifprimitive is available.
Package pdftexcmds Info: \pdfdraftmode found.
Package: pdfescape 2011/04/04 v1.12 Provides string conversions (HO)
Package: bigintcalc 2011/01/30 v1.2 Expandable big integer calculations (HO)
Package: bitset 2011/01/30 v1.1 Data type bit set (HO)
Package: uniquecounter 2011/01/30 v1.2 Provides unlimited unique counter (HO)
)
Package hobsub Info: Skipping package `hobsub' (already loaded).
Package: letltxmacro 2010/09/02 v1.4 Let assignment for LaTeX macros (HO)
Package: hopatch 2011/01/30 v1.0 Wrapper for package hooks (HO)
Package: xcolor-patch 2011/01/30 xcolor patch
Package: atveryend 2011/04/23 v1.7 Hooks at very end of document (HO)
Package: atbegshi 2011/01/30 v1.15 At begin shipout hook (HO)
Package: refcount 2010/12/01 v3.2 Data extraction from references (HO)
Package: hycolor 2011/01/30 v1.7 Color options of hyperref/bookmark (HO)
)
(C:\CTEX\MiKTeX\tex\latex\oberdiek\kvoptions.sty
Package: kvoptions 2010/12/23 v3.10 Keyval support for LaTeX options (HO)
)
\@linkdim=\dimen147
\Hy@linkcounter=\count170
\Hy@pagecounter=\count171

(C:\CTEX\MiKTeX\tex\latex\hyperref\pd1enc.def
File: pd1enc.def 2012/02/06 v6.82o Hyperref: PDFDocEncoding definition (HO)
Now handling font encoding PD1 ...
... no UTF-8 mapping file for font encoding PD1
)
\Hy@SavedSpaceFactor=\count172

(C:\CTEX\MiKTeX\tex\latex\00miktex\hyperref.cfg
File: hyperref.cfg 2002/06/06 v1.2 hyperref configuration of TeXLive
)
Package hyperref Info: Option `unicode' set `true' on input line 3925.

(C:\CTEX\MiKTeX\tex\latex\hyperref\puenc.def
File: puenc.def 2012/02/06 v6.82o Hyperref: PDF Unicode definition (HO)
Now handling font encoding PU ...
... no UTF-8 mapping file for font encoding PU
)
Package hyperref Info: Option `colorlinks' set `true' on input line 3925.
Package hyperref Info: Hyper figures OFF on input line 4046.
Package hyperref Info: Link nesting OFF on input line 4051.
Package hyperref Info: Hyper index ON on input line 4054.
Package hyperref Info: Plain pages OFF on input line 4061.
Package hyperref Info: Backreferencing OFF on input line 4066.
Package hyperref Info: Implicit mode ON; LaTeX internals redefined.
Package hyperref Info: Bookmarks ON on input line 4284.
\c@Hy@tempcnt=\count173

(C:\CTEX\MiKTeX\tex\latex\ltxmisc\url.sty
\Urlmuskip=\muskip10
Package: url 2006/04/12  ver 3.3  Verb mode for urls, etc.
)
LaTeX Info: Redefining \url on input line 4637.
\Fld@menulength=\count174
\Field@Width=\dimen148
\Fld@charsize=\dimen149
Package hyperref Info: Hyper figures OFF on input line 5757.
Package hyperref Info: Link nesting OFF on input line 5762.
Package hyperref Info: Hyper index ON on input line 5765.
Package hyperref Info: backreferencing OFF on input line 5772.
Package hyperref Info: Link coloring ON on input line 5775.
Package hyperref Info: Link coloring with OCG OFF on input line 5782.
Package hyperref Info: PDF/A mode OFF on input line 5787.
LaTeX Info: Redefining \ref on input line 5827.
LaTeX Info: Redefining \pageref on input line 5831.
\Hy@abspage=\count175
\c@Item=\count176
\c@Hfootnote=\count177
)

Package hyperref Message: Driver: hpdftex.

(C:\CTEX\MiKTeX\tex\latex\hyperref\hpdftex.def
File: hpdftex.def 2012/02/06 v6.82o Hyperref driver for pdfTeX
\Fld@listcount=\count178
\c@bookmark@seq@number=\count179

(C:\CTEX\MiKTeX\tex\latex\oberdiek\rerunfilecheck.sty
Package: rerunfilecheck 2011/04/15 v1.7 Rerun checks for auxiliary files (HO)
Package uniquecounter Info: New unique counter `rerunfilecheck' on input line 2
82.
)
\Hy@SectionHShift=\skip49
)
(C:\CTEX\UserData\tex\latex\booktabs\booktabs.sty
Package: booktabs 2005/04/14 v1.61803 publication quality tables
\heavyrulewidth=\dimen150
\lightrulewidth=\dimen151
\cmidrulewidth=\dimen152
\belowrulesep=\dimen153
\belowbottomsep=\dimen154
\aboverulesep=\dimen155
\abovetopsep=\dimen156
\cmidrulesep=\dimen157
\cmidrulekern=\dimen158
\defaultaddspace=\dimen159
\@cmidla=\count180
\@cmidlb=\count181
\@aboverulesep=\dimen160
\@belowrulesep=\dimen161
\@thisruleclass=\count182
\@lastruleclass=\count183
\@thisrulewidth=\dimen162
)
(C:\CTEX\MiKTeX\tex\latex\tools\tabularx.sty
Package: tabularx 1999/01/07 v2.07 `tabularx' package (DPC)

(C:\CTEX\MiKTeX\tex\latex\tools\array.sty
Package: array 2008/09/09 v2.4c Tabular extension package (FMi)
\col@sep=\dimen163
\extrarowheight=\dimen164
\NC@list=\toks18
\extratabsurround=\skip50
\backup@length=\skip51
)
\TX@col@width=\dimen165
\TX@old@table=\dimen166
\TX@old@col=\dimen167
\TX@target=\dimen168
\TX@delta=\dimen169
\TX@cols=\count184
\TX@ftn=\toks19
)
(C:\CTEX\MiKTeX\tex\latex\graphics\graphicx.sty
Package: graphicx 1999/02/16 v1.0f Enhanced LaTeX Graphics (DPC,SPQR)
\Gin@req@height=\dimen170
\Gin@req@width=\dimen171
)
(C:\CTEX\MiKTeX\tex\latex\ams\math\amsmath.sty
Package: amsmath 2000/07/18 v2.13 AMS math features
\@mathmargin=\skip52

For additional information on amsmath, use the `?' option.
(C:\CTEX\MiKTeX\tex\latex\ams\math\amstext.sty
Package: amstext 2000/06/29 v2.01

(C:\CTEX\MiKTeX\tex\latex\ams\math\amsgen.sty
File: amsgen.sty 1999/11/30 v2.0
\@emptytoks=\toks20
\ex@=\dimen172
))
(C:\CTEX\MiKTeX\tex\latex\ams\math\amsbsy.sty
Package: amsbsy 1999/11/29 v1.2d
\pmbraise@=\dimen173
)
(C:\CTEX\MiKTeX\tex\latex\ams\math\amsopn.sty
Package: amsopn 1999/12/14 v2.01 operator names
)
\inf@bad=\count185
LaTeX Info: Redefining \frac on input line 211.
\uproot@=\count186
\leftroot@=\count187
LaTeX Info: Redefining \overline on input line 307.
\classnum@=\count188
\DOTSCASE@=\count189
LaTeX Info: Redefining \ldots on input line 379.
LaTeX Info: Redefining \dots on input line 382.
LaTeX Info: Redefining \cdots on input line 467.
\Mathstrutbox@=\box36
\strutbox@=\box37
\big@size=\dimen174
LaTeX Font Info:    Redeclaring font encoding OML on input line 567.
LaTeX Font Info:    Redeclaring font encoding OMS on input line 568.
\macc@depth=\count190
\c@MaxMatrixCols=\count191
\dotsspace@=\muskip11
\c@parentequation=\count192
\dspbrk@lvl=\count193
\tag@help=\toks21
\row@=\count194
\column@=\count195
\maxfields@=\count196
\andhelp@=\toks22
\eqnshift@=\dimen175
\alignsep@=\dimen176
\tagshift@=\dimen177
\tagwidth@=\dimen178
\totwidth@=\dimen179
\lineht@=\dimen180
\@envbody=\toks23
\multlinegap=\skip53
\multlinetaggap=\skip54
\mathdisplay@stack=\toks24
LaTeX Info: Redefining \[ on input line 2666.
LaTeX Info: Redefining \] on input line 2667.
)
Package hyperref Info: Option `colorlinks' set `false' on input line 19.

(C:\ÂæÆ‰∫ëÂêåÊ≠•Áõò\2984420770\zxy\curr_sem\ÊØïËÆæ\Work\TeX\ÊåëÊàòÊùØÊ≠£ÂºèÊñáÊ
°£.aux

LaTeX Warning: Label `eq:cpmode' multiply defined.


LaTeX Warning: Label `pic:mode' multiply defined.

)
LaTeX Font Info:    Checking defaults for OML/cmm/m/it on input line 27.
LaTeX Font Info:    ... okay on input line 27.
LaTeX Font Info:    Checking defaults for T1/cmr/m/n on input line 27.
LaTeX Font Info:    ... okay on input line 27.
LaTeX Font Info:    Checking defaults for OT1/cmr/m/n on input line 27.
LaTeX Font Info:    ... okay on input line 27.
LaTeX Font Info:    Checking defaults for OMS/cmsy/m/n on input line 27.
LaTeX Font Info:    ... okay on input line 27.
LaTeX Font Info:    Checking defaults for OMX/cmex/m/n on input line 27.
LaTeX Font Info:    ... okay on input line 27.
LaTeX Font Info:    Checking defaults for U/cmr/m/n on input line 27.
LaTeX Font Info:    ... okay on input line 27.
LaTeX Font Info:    Checking defaults for TS1/cmr/m/n on input line 27.
LaTeX Font Info:    ... okay on input line 27.
LaTeX Font Info:    Checking defaults for C00/song/m/n on input line 27.
LaTeX Font Info:    ... okay on input line 27.
LaTeX Font Info:    Checking defaults for C05/song/m/n on input line 27.
LaTeX Font Info:    ... okay on input line 27.
LaTeX Font Info:    Checking defaults for C09/song/m/n on input line 27.
LaTeX Font Info:    ... okay on input line 27.
LaTeX Font Info:    Checking defaults for C10/song/m/n on input line 27.
LaTeX Font Info:    ... okay on input line 27.
LaTeX Font Info:    Checking defaults for C20/song/m/n on input line 27.
LaTeX Font Info:    ... okay on input line 27.
LaTeX Font Info:    Checking defaults for C19/song/m/n on input line 27.
LaTeX Font Info:    ... okay on input line 27.
LaTeX Font Info:    Checking defaults for C40/song/m/n on input line 27.
LaTeX Font Info:    ... okay on input line 27.
LaTeX Font Info:    Checking defaults for C42/song/m/n on input line 27.
LaTeX Font Info:    ... okay on input line 27.
LaTeX Font Info:    Checking defaults for C43/song/m/n on input line 27.
LaTeX Font Info:    ... okay on input line 27.
LaTeX Font Info:    Checking defaults for C50/song/m/n on input line 27.
LaTeX Font Info:    ... okay on input line 27.
LaTeX Font Info:    Checking defaults for C52/song/m/n on input line 27.
LaTeX Font Info:    ... okay on input line 27.
LaTeX Font Info:    Checking defaults for C49/song/m/n on input line 27.
LaTeX Font Info:    ... okay on input line 27.
LaTeX Font Info:    Checking defaults for C60/mj/m/n on input line 27.
LaTeX Font Info:    ... okay on input line 27.
LaTeX Font Info:    Checking defaults for C61/mj/m/n on input line 27.
LaTeX Font Info:    ... okay on input line 27.
LaTeX Font Info:    Checking defaults for C63/mj/m/n on input line 27.
LaTeX Font Info:    ... okay on input line 27.
LaTeX Font Info:    Checking defaults for C64/mj/m/n on input line 27.
LaTeX Font Info:    ... okay on input line 27.
LaTeX Font Info:    Checking defaults for C65/mj/m/n on input line 27.
LaTeX Font Info:    ... okay on input line 27.
LaTeX Font Info:    Checking defaults for C70/song/m/n on input line 27.
LaTeX Font Info:    ... okay on input line 27.
LaTeX Font Info:    Checking defaults for C31/song/m/n on input line 27.
LaTeX Font Info:    ... okay on input line 27.
LaTeX Font Info:    Checking defaults for C32/song/m/n on input line 27.
LaTeX Font Info:    ... okay on input line 27.
LaTeX Font Info:    Checking defaults for C33/song/m/n on input line 27.
LaTeX Font Info:    ... okay on input line 27.
LaTeX Font Info:    Checking defaults for C34/song/m/n on input line 27.
LaTeX Font Info:    ... okay on input line 27.
LaTeX Font Info:    Checking defaults for C35/song/m/n on input line 27.
LaTeX Font Info:    ... okay on input line 27.
LaTeX Font Info:    Checking defaults for C36/song/m/n on input line 27.
LaTeX Font Info:    ... okay on input line 27.
LaTeX Font Info:    Checking defaults for C37/song/m/n on input line 27.
LaTeX Font Info:    ... okay on input line 27.
LaTeX Font Info:    Checking defaults for C80/song/m/n on input line 27.
LaTeX Font Info:    ... okay on input line 27.
LaTeX Font Info:    Checking defaults for C81/song/m/n on input line 27.
LaTeX Font Info:    ... okay on input line 27.
LaTeX Font Info:    Checking defaults for C01/song/m/n on input line 27.
LaTeX Font Info:    ... okay on input line 27.
LaTeX Font Info:    Checking defaults for C11/song/m/n on input line 27.
LaTeX Font Info:    ... okay on input line 27.
LaTeX Font Info:    Checking defaults for C21/song/m/n on input line 27.
LaTeX Font Info:    ... okay on input line 27.
LaTeX Font Info:    Checking defaults for C41/song/m/n on input line 27.
LaTeX Font Info:    ... okay on input line 27.
LaTeX Font Info:    Checking defaults for C62/song/m/n on input line 27.
LaTeX Font Info:    ... okay on input line 27.
LaTeX Font Info:    Checking defaults for PD1/pdf/m/n on input line 27.
LaTeX Font Info:    ... okay on input line 27.
LaTeX Font Info:    Checking defaults for PU/pdf/m/n on input line 27.
LaTeX Font Info:    ... okay on input line 27.
 (C:\CTEX\MiKTeX\tex\context\base\supp-pdf.mkii
[Loading MPS to PDF converter (version 2006.09.02).]
\scratchcounter=\count197
\scratchdimen=\dimen181
\scratchbox=\box38
\nofMPsegments=\count198
\nofMParguments=\count199
\everyMPshowfont=\toks25
\MPscratchCnt=\count200
\MPscratchDim=\dimen182
\MPnumerator=\count201
Normal \count register pool exhausted, switching to extended pool.
\makeMPintoPDFobject=\count277
\everyMPtoPDFconversion=\toks26
)
*geometry* driver: auto-detecting
*geometry* detected driver: pdftex
*geometry* verbose mode - [ preamble ] result:
* driver: pdftex
* paper: a4paper
* layout: <same size as paper>
* layoutoffset:(h,v)=(0.0pt,0.0pt)
* modes: 
* h-part:(L,W,R)=(90.3375pt, 416.83289pt, 90.3375pt)
* v-part:(T,H,B)=(101.40665pt, 591.5302pt, 152.11pt)
* \paperwidth=597.50787pt
* \paperheight=845.04684pt
* \textwidth=416.83289pt
* \textheight=591.5302pt
* \oddsidemargin=18.0675pt
* \evensidemargin=18.0675pt
* \topmargin=-7.86334pt
* \headheight=12.0pt
* \headsep=25.0pt
* \topskip=12.0pt
* \footskip=30.0pt
* \marginparwidth=35.0pt
* \marginparsep=10.0pt
* \columnsep=10.0pt
* \skip\footins=10.8pt plus 4.0pt minus 2.0pt
* \hoffset=0.0pt
* \voffset=0.0pt
* \mag=1000
* \@twocolumnfalse
* \@twosidefalse
* \@mparswitchfalse
* \@reversemarginfalse
* (1in=72.27pt=25.4mm, 1cm=28.453pt)

\AtBeginShipoutBox=\box39
Package hyperref Info: Link coloring OFF on input line 27.
(C:\CTEX\MiKTeX\tex\latex\hyperref\nameref.sty
Package: nameref 2010/04/30 v2.40 Cross-referencing by name of section

(C:\CTEX\MiKTeX\tex\generic\oberdiek\gettitlestring.sty
Package: gettitlestring 2010/12/03 v1.4 Cleanup title references (HO)
)
\c@section@level=\count278
)
LaTeX Info: Redefining \ref on input line 27.
LaTeX Info: Redefining \pageref on input line 27.
LaTeX Info: Redefining \nameref on input line 27.

(C:\ÂæÆ‰∫ëÂêåÊ≠•Áõò\2984420770\zxy\curr_sem\ÊØïËÆæ\Work\TeX\ÊåëÊàòÊùØÊ≠£ÂºèÊñáÊ
°£.out)
(C:\ÂæÆ‰∫ëÂêåÊ≠•Áõò\2984420770\zxy\curr_sem\ÊØïËÆæ\Work\TeX\ÊåëÊàòÊùØÊ≠£ÂºèÊñáÊ
°£.out)
\@outlinefile=\write3
 (C:\CTEX\MiKTeX\tex\latex\cjk\UTF8\UTF8.bdg
File: UTF8.bdg 2008/12/29 4.8.2
)
(C:\CTEX\MiKTeX\tex\latex\cjk\UTF8\UTF8.enc
File: UTF8.enc 2008/12/29 4.8.2
)
(C:\CTEX\MiKTeX\tex\latex\cjk\UTF8\UTF8.chr
File: UTF8.chr 2008/12/29 4.8.2
)
LaTeX Font Info:    Try loading font information for C70+rm on input line 30.

(C:\CTEX\MiKTeX\tex\latex\ctex\fd\c70rm.fd
File: c70rm.fd 2007/05/06 v0.8a ctexutf8 font definition file
)

LaTeX Font Warning: Font shape `OMX/cmex/m/n' in size <15.06> not available
(Font)              size <14.4> substituted on input line 30.

Package CJKpunct Info: punctuation spaces for family 'zhsong' do not exist. Use
 family 'def' instead. on input line 30.
<energyLevel.png, id=101, 361.35pt x 171.64125pt>
File: energyLevel.png Graphic file (type png)
 <use energyLevel.png>
Package pdftex.def Info: energyLevel.png used on input line 58.
(pdftex.def)             Requested size: 289.0804pt x 137.31316pt.

[1

] [2 <C:/ÂæÆ‰∫ëÂêåÊ≠•Áõò/2984420770/zxy/curr_sem/ÊØïËÆæ/Work/TeX/energyLevel.pn
g>] <potential.png, id=219, 636.87938pt x 215.30438pt>
File: potential.png Graphic file (type png)
 <use potential.png>
Package pdftex.def Info: potential.png used on input line 93.
(pdftex.def)             Requested size: 382.13057pt x 129.18361pt.

<response.png, id=225, 255.95625pt x 374.14781pt>
File: response.png Graphic file (type png)
 <use response.png>
Package pdftex.def Info: response.png used on input line 102.
(pdftex.def)             Requested size: 255.95561pt x 374.14688pt.
 [3 <C:/ÂæÆ‰∫ëÂêåÊ≠•Áõò/2984420770/zxy/curr_sem/ÊØïËÆæ/Work/TeX/potential.png>]
 [4 <C:/ÂæÆ‰∫ëÂêåÊ≠•Áõò/2984420770/zxy/curr_sem/ÊØïËÆæ/Work/TeX/response.png>]
<surface.png, id=251, 418.56375pt x 396.7322pt>
File: surface.png Graphic file (type png)
 <use surface.png>
Package pdftex.def Info: surface.png used on input line 127.
(pdftex.def)             Requested size: 418.56271pt x 396.73122pt.

Overfull \hbox (1.72983pt too wide) in paragraph at lines 127--128
 [][] 
 []

[5] [6 <C:/ÂæÆ‰∫ëÂêåÊ≠•Áõò/2984420770/zxy/curr_sem/ÊØïËÆæ/Work/TeX/surface.png>
]
Overfull \hbox (9.9019pt too wide) in paragraph at lines 163--165
\C70/rm/m/n/12.05/51 v \C70/rm/m/n/12.05/4e -$\OML/cmm/m/it/12.05 ![]$\C70/rm/m
/n/12.05/4e : \C70/rm/m/n/12.05/81 T ú \C70/rm/m/n/12.05/76 Ñ \C70/rm/m/n/12.05
/98 ë \C70/rm/m/n/12.05/73 á|\C70/rm/m/n/12.05/ff | $\OML/cmm/m/it/12.05 s$\C7
0/rm/m/n/12.05/4e : \C70/rm/m/n/12.05/8f ì \C70/rm/m/n/12.05/51 e \C70/rm/m/n/1
2.05/9a q \C70/rm/m/n/12.05/52 ®|\C70/rm/m/n/12.05/ff | $\OMS/cmsy/m/n/12.05 j
\OML/cmm/m/it/12.05 s\OMS/cmsy/m/n/12.05 j[]$\C70/rm/m/n/12.05/66 / \C70/rm/m/n
/12.05/8f ì \C70/rm/m/n/12.05/51 e \C70/rm/m/n/12.05/52 ü \C70/rm/m/n/12.05/73 
á|\C70/rm/m/n/12.05/ff | $\OML/cmm/m/it/12.05 ![]$\C70/rm/m/n/12.05/66 / \C70/
rm/m/n/12.05/8f ì \C70/rm/m/n/12.05/51 e I \C70/rm/m/n/12.05/98 ë \C70/rm/m/n/1
2.05/73 á|\C70/rm/m/n/12.05/ff | $\OML/cmm/m/it/12.05 []\OT1/cmr/m/n/12.05 0\
OML/cmm/m/it/12.05 ; []e$\C70/rm/m/n/12.05/52 
 []

[7] [8] <mode.png, id=331, 232.61906pt x 333.49594pt>
File: mode.png Graphic file (type png)
 <use mode.png>
Package pdftex.def Info: mode.png used on input line 213.
(pdftex.def)             Requested size: 232.61848pt x 333.49512pt.
 [9]
[10 <C:/ÂæÆ‰∫ëÂêåÊ≠•Áõò/2984420770/zxy/curr_sem/ÊØïËÆæ/Work/TeX/mode.png>]
<disp_ed2_ai.png, id=366, 359.84438pt x 543.53062pt>
File: disp_ed2_ai.png Graphic file (type png)
 <use disp_ed2_ai.png>
Package pdftex.def Info: disp_ed2_ai.png used on input line 242.
(pdftex.def)             Requested size: 312.9803pt x 472.78488pt.


LaTeX Warning: Float too large for page by 6.30792pt on input line 250.

[11] [12 <C:/ÂæÆ‰∫ëÂêåÊ≠•Áõò/2984420770/zxy/curr_sem/ÊØïËÆæ/Work/TeX/disp_ed2_a
i.png>]
Overfull \hbox (14.615pt too wide) in paragraph at lines 269--271
$\OML/cmm/m/it/12.05 []$\C70/rm/m/n/12.05/4e :\OT1/cmr/m/n/12.05 Kerr\C70/rm/m
/n/12.05/97 ^ \C70/rm/m/n/12.05/7e ø \C70/rm/m/n/12.05/60 ' \C70/rm/m/n/12.05/7
c ˚ \C70/rm/m/n/12.05/65 p|\C70/rm/m/n/12.05/ff | $\OML/cmm/m/it/12.05 n[]$\C7
0/rm/m/n/12.05/4e : \C70/rm/m/n/12.05/67 P \C70/rm/m/n/12.05/65 ô \C70/rm/m/n/1
2.05/57 ( ˙ \C70/rm/m/n/12.05/6c ‚ \C70/rm/m/n/12.05/54 å \C70/rm/m/n/12.05/4e 
å \C70/rm/m/n/12.05/6b ! \C70/rm/m/n/12.05/8c  \C70/rm/m/n/12.05/6c ‚ ‚ \C70/r
m/m/n/12.05/6b µ \C70/rm/m/n/12.05/76 Ñ \C70/rm/m/n/12.05/62 ò \C70/rm/m/n/12.0
5/5c  \C70/rm/m/n/12.05/73 á|\C70/rm/m/n/12.05/ff | $\OT1/cmr/m/n/12.05 (\OML
/cmm/m/it/12.05 @n=@T\OT1/cmr/m/n/12.05 )[]$\C70/rm/m/n/12.05/66 /
 []

<try_ed2.png, id=385, 362.10281pt x 574.39594pt>
File: try_ed2.png Graphic file (type png)
 <use try_ed2.png>
Package pdftex.def Info: try_ed2.png used on input line 276.
(pdftex.def)             Requested size: 369.88582pt x 586.75255pt.
File: try_ed2.png Graphic file (type png)

<use try_ed2.png>
Package pdftex.def Info: try_ed2.png used on input line 281.
(pdftex.def)             Requested size: 0.0pt x 0.0pt.
 [13] [14 <C:/ÂæÆ‰∫ëÂêåÊ≠•Áõò/2984420770/zxy/curr_sem/ÊØïËÆæ/Work/TeX/try_ed2.p
ng>] <P2change_ed2_ai.png, id=412, 355.3275pt x 459.96844pt>
File: P2change_ed2_ai.png Graphic file (type png)

<use P2change_ed2_ai.png>
Package pdftex.def Info: P2change_ed2_ai.png used on input line 294.
(pdftex.def)             Requested size: 312.9803pt x 405.1595pt.
 [15]
<P2change_ed2_aicd.png, id=420, 322.95656pt x 508.14844pt>
File: P2change_ed2_aicd.png Graphic file (type png)

<use P2change_ed2_aicd.png>
Package pdftex.def Info: P2change_ed2_aicd.png used on input line 301.
(pdftex.def)             Requested size: 312.9803pt x 492.47693pt.


LaTeX Warning: Float too large for page by 7.21494pt on input line 305.

<ExpSetup.png, id=424, 371.4678pt x 123.8226pt>
File: ExpSetup.png Graphic file (type png)
 <use ExpSetup.png>
Package pdftex.def Info: ExpSetup.png used on input line 320.
(pdftex.def)             Requested size: 455.24408pt x 151.75862pt.

Overfull \hbox (38.4112pt too wide) in paragraph at lines 320--321
 [][] 
 []


Overfull \hbox (0.40509pt too wide) in paragraph at lines 327--328
[]\C70/rm/m/n/12.05/4e å \C70/rm/m/n/12.05/6b ! \C70/rm/m/n/12.05/8c  \C70/rm/
m/n/12.05/6c ‚ \C70/rm/m/n/12.05/8f Ÿ \C70/rm/m/n/12.05/4e   \C70/rm/m/n/12.05/
8d Ô \C70/rm/m/n/12.05/51 I \C70/rm/m/n/12.05/4f · \C70/rm/m/n/12.05/53 ˜ \C70/
rm/m/n/12.05/75 1 \C70/rm/m/n/12.05/4e å \C70/rm/m/n/12.05/6b ! \C70/rm/m/n/12.
05/8c  \C70/rm/m/n/12.05/6c ‚ ‚ \C70/rm/m/n/12.05/6b µ \C70/rm/m/n/12.05/76 Ñ 
\C70/rm/m/n/12.05/51 I \C70/rm/m/n/12.05/7e § \C70/rm/m/n/12.05/95 % \C70/rm/m/
n/12.05/8f € \C70/rm/m/n/12.05/88 L \C70/rm/m/n/12.05/65 6 \C70/rm/m/n/12.05/96
 ∆|\C70/rm/m/n/12.05/ff | \C70/rm/m/n/12.05/5e v \C70/rm/m/n/12.05/90  \C70/r
m/m/n/12.05/51 e\OT1/cmr/m/n/12.05 EMCCD
 []

[16] [17 <C:/ÂæÆ‰∫ëÂêåÊ≠•Áõò/2984420770/zxy/curr_sem/ÊØïËÆæ/Work/TeX/P2change_e
d2_ai.png>] [18 <C:/ÂæÆ‰∫ëÂêåÊ≠•Áõò/2984420770/zxy/curr_sem/ÊØïËÆæ/Work/TeX/P2c
hange_ed2_aicd.png>] <Setup_makingSphere.jpg, id=445, 4047.12pt x 3035.34pt>
File: Setup_makingSphere.jpg Graphic file (type jpg)

<use Setup_makingSphere.jpg>
Package pdftex.def Info: Setup_makingSphere.jpg used on input line 334.
(pdftex.def)             Requested size: 455.24408pt x 341.39154pt.

Overfull \hbox (38.4112pt too wide) in paragraph at lines 334--335
 [][] 
 []

[19 <C:/ÂæÆ‰∫ëÂêåÊ≠•Áõò/2984420770/zxy/curr_sem/ÊØïËÆæ/Work/TeX/ExpSetup.png>]
[20 <C:/ÂæÆ‰∫ëÂêåÊ≠•Áõò/2984420770/zxy/curr_sem/ÊØïËÆæ/Work/TeX/Setup_makingSph
ere.jpg>] <Setup_pullingFiber.jpg, id=461, 4047.12pt x 3035.34pt>
File: Setup_pullingFiber.jpg Graphic file (type jpg)

<use Setup_pullingFiber.jpg>
Package pdftex.def Info: Setup_pullingFiber.jpg used on input line 354.
(pdftex.def)             Requested size: 455.24408pt x 341.39154pt.

Overfull \hbox (38.4112pt too wide) in paragraph at lines 354--355
 [][] 
 []

[21] [22 <C:/ÂæÆ‰∫ëÂêåÊ≠•Áõò/2984420770/zxy/curr_sem/ÊØïËÆæ/Work/TeX/Setup_pull
ingFiber.jpg>] <DualFiber.jpg, id=474, 2818.53pt x 2047.65pt>
File: DualFiber.jpg Graphic file (type jpg)

<use DualFiber.jpg>
Package pdftex.def Info: DualFiber.jpg used on input line 367.
(pdftex.def)             Requested size: 455.24408pt x 330.7239pt.

Overfull \hbox (38.4112pt too wide) in paragraph at lines 367--368
 [][] 
 []

<Fiber_sphere.jpg, id=476, 2746.26pt x 1999.47pt>
File: Fiber_sphere.jpg Graphic file (type jpg)
 <use Fiber_sphere.jpg>
Package pdftex.def Info: Fiber_sphere.jpg used on input line 376.
(pdftex.def)             Requested size: 455.24408pt x 331.42378pt.

Overfull \hbox (38.4112pt too wide) in paragraph at lines 376--377
 [][] 
 []

<coupling.jpg, id=478, 3099.58pt x 2336.73pt>
File: coupling.jpg Graphic file (type jpg)
 <use coupling.jpg>
Package pdftex.def Info: coupling.jpg used on input line 385.
(pdftex.def)             Requested size: 455.24408pt x 343.18498pt.

Overfull \hbox (38.4112pt too wide) in paragraph at lines 385--386
 [][] 
 []

[23 <C:/ÂæÆ‰∫ëÂêåÊ≠•Áõò/2984420770/zxy/curr_sem/ÊØïËÆæ/Work/TeX/DualFiber.jpg>]
[24 <C:/ÂæÆ‰∫ëÂêåÊ≠•Áõò/2984420770/zxy/curr_sem/ÊØïËÆæ/Work/TeX/Fiber_sphere.jp
g>] [25 <C:/ÂæÆ‰∫ëÂêåÊ≠•Áõò/2984420770/zxy/curr_sem/ÊØïËÆæ/Work/TeX/coupling.jp
g>] <Spectrum.png, id=498, 1068.99374pt x 816.04875pt>
File: Spectrum.png Graphic file (type png)
 <use Spectrum.png>
Package pdftex.def Info: Spectrum.png used on input line 404.
(pdftex.def)             Requested size: 398.33858pt x 304.0875pt.

<SimpPWDP.png, id=500, 504.38437pt x 411.03563pt>
File: SimpPWDP.png Graphic file (type png)
 <use SimpPWDP.png>
Package pdftex.def Info: SimpPWDP.png used on input line 415.
(pdftex.def)             Requested size: 398.33858pt x 324.6205pt.
 [26 <C:/ÂæÆ‰∫ëÂêåÊ≠•Áõò/2984420770/zxy/curr_sem/ÊØïËÆæ/Work/TeX/Spectrum.png>]
 [27 <C:/ÂæÆ‰∫ëÂêåÊ≠•Áõò/2984420770/zxy/curr_sem/ÊØïËÆæ/Work/TeX/SimpPWDP.png>]
 [28]
(C:\ÂæÆ‰∫ëÂêåÊ≠•Áõò\2984420770\zxy\curr_sem\ÊØïËÆæ\Work\TeX\ÊåëÊàòÊùØÊ≠£ÂºèÊñáÊ
°£.bbl [29]) [30]
Package atveryend Info: Empty hook `BeforeClearDocument' on input line 429.
Package atveryend Info: Empty hook `AfterLastShipout' on input line 429.

(C:\ÂæÆ‰∫ëÂêåÊ≠•Áõò\2984420770\zxy\curr_sem\ÊØïËÆæ\Work\TeX\ÊåëÊàòÊùØÊ≠£ÂºèÊñáÊ
°£.aux)
Package atveryend Info: Executing hook `AtVeryEndDocument' on input line 429.
Package atveryend Info: Executing hook `AtEndAfterFileList' on input line 429.
Package rerunfilecheck Info: File `ÊåëÊàòÊùØÊ≠£ÂºèÊñáÊ°£.out' has not changed.
(rerunfilecheck)             Checksum: 63AF6284C8D1EF85373512E34E418648;1482.


LaTeX Font Warning: Size substitutions with differences
(Font)              up to 0.66pt have occurred.


LaTeX Warning: There were multiply-defined labels.

 ) 
Here is how much of TeX's memory you used:
 16811 strings out of 495354
 250638 string characters out of 3183859
 336550 words of memory out of 3000000
 19264 multiletter control sequences out of 15000+200000
 60136 words of font info for 206 fonts, out of 3000000 for 9000
 14 hyphenation exceptions out of 8191
 40i,10n,33p,1523b,1739s stack positions out of 5000i,500n,10000p,200000b,50000s
<C:/Windows/Fonts/simhei.ttf><C:/Windows/Fonts/simhei.ttf><C:/Windows/Fonts/s
imhei.ttf><C:/Windows/Fonts/simhei.ttf><C:/Windows/Fonts/simhei.ttf><C:/Windows
/Fonts/simhei.ttf><C:/Windows/Fonts/simhei.ttf><C:/Windows/Fonts/simsun.ttc><C:
/Windows/Fonts/simhei.ttf><C:/Windows/Fonts/simhei.ttf><C:/Windows/Fonts/simhei
.ttf><C:/Windows/Fonts/simsun.ttc><C:/Windows/Fonts/simhei.ttf><C:/Windows/Font
s/simhei.ttf><C:/Windows/Fonts/simsun.ttc><C:/Windows/Fonts/simhei.ttf><C:/Wind
ows/Fonts/simhei.ttf><C:/Windows/Fonts/simhei.ttf><C:/Windows/Fonts/simhei.ttf>
<C:/Windows/Fonts/simhei.ttf><C:/Windows/Fonts/simhei.ttf><C:/Windows/Fonts/sim
hei.ttf><C:/Windows/Fonts/simsun.ttc><C:/Windows/Fonts/simsun.ttc><C:/Windows/F
onts/simsun.ttc><C:/Windows/Fonts/simhei.ttf><C:/Windows/Fonts/simhei.ttf><C:/W
indows/Fonts/simhei.ttf><C:/Windows/Fonts/simhei.ttf><C:/Windows/Fonts/simsun.t
tc><C:/Windows/Fonts/simsun.ttc><C:/Windows/Fonts/simsun.ttc><C:/Windows/Fonts/
simsun.ttc><C:/Windows/Fonts/simsun.ttc><C:/Windows/Fonts/simhei.ttf><C:/Window
s/Fonts/simhei.ttf><C:/Windows/Fonts/simhei.ttf><C:/Windows/Fonts/simhei.ttf><C
:/Windows/Fonts/simsun.ttc><C:/Windows/Fonts/simsun.ttc><C:/Windows/Fonts/simsu
n.ttc><C:/Windows/Fonts/simsun.ttc><C:/Windows/Fonts/simsun.ttc><C:/Windows/Fon
ts/simsun.ttc><C:/Windows/Fonts/simsun.ttc><C:/Windows/Fonts/simsun.ttc><C:/Win
dows/Fonts/simsun.ttc><C:/Windows/Fonts/simsun.ttc><C:/Windows/Fonts/simsun.ttc
><C:/Windows/Fonts/simsun.ttc><C:/Windows/Fonts/simsun.ttc><C:/Windows/Fonts/si
msun.ttc><C:/Windows/Fonts/simsun.ttc><C:/Windows/Fonts/simsun.ttc><C:/Windows/
Fonts/simsun.ttc><C:/Windows/Fonts/simsun.ttc><C:/Windows/Fonts/simsun.ttc><C:/
Windows/Fonts/simsun.ttc><C:/Windows/Fonts/simsun.ttc><C:/Windows/Fonts/simsun.
ttc><C:/Windows/Fonts/simsun.ttc><C:/Windows/Fonts/simsun.ttc><C:/Windows/Fonts
/simsun.ttc><C:/Windows/Fonts/simsun.ttc><C:/Windows/Fonts/simsun.ttc><C:/Windo
ws/Fonts/simsun.ttc><C:/Windows/Fonts/simsun.ttc><C:/Windows/Fonts/simsun.ttc><
C:/Windows/Fonts/simsun.ttc><C:/Windows/Fonts/simsun.ttc><C:/Windows/Fonts/sims
un.ttc><C:/Windows/Fonts/simsun.ttc><C:/Windows/Fonts/simsun.ttc><C:/Windows/Fo
nts/simsun.ttc><C:/Windows/Fonts/simsun.ttc><C:/Windows/Fonts/simsun.ttc><C:/Wi
ndows/Fonts/simsun.ttc><C:/Windows/Fonts/simsun.ttc><C:/Windows/Fonts/simsun.tt
c><C:/Windows/Fonts/simsun.ttc><C:/Windows/Fonts/simsun.ttc><C:/Windows/Fonts/s
imsun.ttc><C:/Windows/Fonts/simsun.ttc><C:/Windows/Fonts/simsun.ttc><C:/Windows
/Fonts/simsun.ttc><C:/Windows/Fonts/simhei.ttf><C:/Windows/Fonts/simhei.ttf><C:
/Windows/Fonts/simhei.ttf><C:/Windows/Fonts/simhei.ttf><C:/Windows/Fonts/simhei
.ttf><C:/Windows/Fonts/simhei.ttf><C:/Windows/Fonts/simhei.ttf><C:/Windows/Font
s/simhei.ttf><C:/Windows/Fonts/simhei.ttf><C:/Windows/Fonts/simhei.ttf><C:/Wind
ows/Fonts/simhei.ttf><C:/Windows/Fonts/simhei.ttf><C:/Windows/Fonts/simhei.ttf>
<C:/Windows/Fonts/simhei.ttf><C:/Windows/Fonts/simsun.ttc><C:/Windows/Fonts/sim
sun.ttc><C:/Windows/Fonts/simsun.ttc><C:/Windows/Fonts/simsun.ttc><C:/Windows/F
onts/simsun.ttc><C:/Windows/Fonts/simsun.ttc><C:/Windows/Fonts/simsun.ttc><C:/W
indows/Fonts/simsun.ttc><C:/Windows/Fonts/simsun.ttc><C:/Windows/Fonts/simsun.t
tc><C:/Windows/Fonts/simsun.ttc><C:/Windows/Fonts/simsun.ttc><C:/Windows/Fonts/
simsun.ttc><C:/Windows/Fonts/simsun.ttc><C:/Windows/Fonts/simsun.ttc><C:/Window
s/Fonts/simsun.ttc><C:/Windows/Fonts/simsun.ttc><C:/Windows/Fonts/simsun.ttc><C
:/CTEX/MiKTeX/fonts/type1/public/amsfonts/cm/cmbx12.pfb><C:/CTEX/MiKTeX/fonts/t
ype1/public/amsfonts/cm/cmbx8.pfb><C:/CTEX/MiKTeX/fonts/type1/public/amsfonts/c
m/cmex10.pfb><C:/CTEX/MiKTeX/fonts/type1/public/amsfonts/cm/cmmi12.pfb><C:/CTEX
/MiKTeX/fonts/type1/public/amsfonts/cm/cmmi6.pfb><C:/CTEX/MiKTeX/fonts/type1/pu
blic/amsfonts/cm/cmmi8.pfb><C:/CTEX/MiKTeX/fonts/type1/public/amsfonts/cm/cmr12
.pfb><C:/CTEX/MiKTeX/fonts/type1/public/amsfonts/cm/cmr6.pfb><C:/CTEX/MiKTeX/fo
nts/type1/public/amsfonts/cm/cmr8.pfb><C:/CTEX/MiKTeX/fonts/type1/public/amsfon
ts/cm/cmsy10.pfb><C:/CTEX/MiKTeX/fonts/type1/public/amsfonts/cm/cmsy8.pfb><C:/C
TEX/MiKTeX/fonts/type1/public/amsfonts/cm/cmti12.pfb>
Output written on ÊåëÊàòÊùØÊ≠£ÂºèÊñáÊ°£.pdf (30 pages, 8552616 bytes).
PDF statistics:
 950 PDF objects out of 1000 (max. 8388607)
 114 named destinations out of 1000 (max. 500000)
 478 words of extra memory for PDF output out of 10000 (max. 10000000)

